  Image_Dialog.cpp
C:\mfcExam\MFC_Project\MFC_Project\Image_Dialog.cpp(152,12): warning C4244: '초기화 중': 'float'에서 'int'(으)로 변환하면서 데이터가 손실될 수 있습니다.
  (소스 파일 '/Image_Dialog.cpp'을(를) 컴파일하는 중)
  
C:\mfcExam\MFC_Project\MFC_Project\Image_Dialog.cpp(153,12): warning C4244: '초기화 중': 'float'에서 'int'(으)로 변환하면서 데이터가 손실될 수 있습니다.
  (소스 파일 '/Image_Dialog.cpp'을(를) 컴파일하는 중)
  
C:\mfcExam\MFC_Project\MFC_Project\Image_Dialog.cpp(157,16): warning C4244: '초기화 중': 'float'에서 'int'(으)로 변환하면서 데이터가 손실될 수 있습니다.
  (소스 파일 '/Image_Dialog.cpp'을(를) 컴파일하는 중)
  
C:\mfcExam\MFC_Project\MFC_Project\Image_Dialog.cpp(158,16): warning C4244: '초기화 중': 'float'에서 'int'(으)로 변환하면서 데이터가 손실될 수 있습니다.
  (소스 파일 '/Image_Dialog.cpp'을(를) 컴파일하는 중)
  
C:\mfcExam\MFC_Project\MFC_Project\Image_Dialog.cpp(208,18): warning C4244: '초기화 중': 'double'에서 'float'(으)로 변환하면서 데이터가 손실될 수 있습니다.
  (소스 파일 '/Image_Dialog.cpp'을(를) 컴파일하는 중)
  
C:\mfcExam\MFC_Project\MFC_Project\Image_Dialog.cpp(229,68): warning C4244: '인수': 'float'에서 'int'(으)로 변환하면서 데이터가 손실될 수 있습니다.
  (소스 파일 '/Image_Dialog.cpp'을(를) 컴파일하는 중)
  
C:\mfcExam\MFC_Project\MFC_Project\Image_Dialog.cpp(229,50): warning C4244: '인수': 'float'에서 'int'(으)로 변환하면서 데이터가 손실될 수 있습니다.
  (소스 파일 '/Image_Dialog.cpp'을(를) 컴파일하는 중)
  
  MFC_Project.cpp
  MFC_ProjectDlg.cpp
C:\mfcExam\MFC_Project\MFC_Project\MFC_ProjectDlg.cpp(240,26): warning C4244: '=': 'ULONGLONG'에서 'DWORD'(으)로 변환하면서 데이터가 손실될 수 있습니다.
  (소스 파일 '/MFC_ProjectDlg.cpp'을(를) 컴파일하는 중)
  
C:\mfcExam\MFC_Project\MFC_Project\MFC_ProjectDlg.cpp(264,43): warning C4244: '인수': 'double'에서 'float'(으)로 변환하면서 데이터가 손실될 수 있습니다.
  (소스 파일 '/MFC_ProjectDlg.cpp'을(를) 컴파일하는 중)
  
C:\mfcExam\MFC_Project\MFC_Project\MFC_ProjectDlg.cpp(264,33): warning C4244: '인수': 'double'에서 'float'(으)로 변환하면서 데이터가 손실될 수 있습니다.
  (소스 파일 '/MFC_ProjectDlg.cpp'을(를) 컴파일하는 중)
  
C:\mfcExam\MFC_Project\MFC_Project\MFC_ProjectDlg.cpp(347,11): warning C4244: '초기화 중': 'double'에서 'int'(으)로 변환하면서 데이터가 손실될 수 있습니다.
  (소스 파일 '/MFC_ProjectDlg.cpp'을(를) 컴파일하는 중)
  
C:\mfcExam\MFC_Project\MFC_Project\MFC_ProjectDlg.cpp(348,11): warning C4244: '초기화 중': 'double'에서 'int'(으)로 변환하면서 데이터가 손실될 수 있습니다.
  (소스 파일 '/MFC_ProjectDlg.cpp'을(를) 컴파일하는 중)
  
MFC_ProjectDlg.obj : warning LNK4258: '/entry:WinMainCRTStartup' 지시문은 '/ENTRY:wWinMainCRTStartup' 스위치와 호환되지 않습니다. 무시됩니다.
  코드를 생성하고 있습니다.
  216 of 493 functions (43.8%) were compiled, the rest were copied from previous compilation.
    90 functions were new in current compilation
    33 functions had inline decision re-evaluated but remain unchanged
  코드를 생성했습니다.
  MFC_Project.vcxproj -> C:\mfcExam\MFC_Project\x64\Release\MFC_Project.exe
